{"/Users/th3g3ntl3man/Desktop/Code/J3_Associates/google-maps-scraper-cli/src/excelConverter.js": {"path":"/Users/th3g3ntl3man/Desktop/Code/J3_Associates/google-maps-scraper-cli/src/excelConverter.js","statementMap":{"0":{"start":{"line":11,"column":2},"end":{"line":112,"column":null}},"1":{"start":{"line":18,"column":8},"end":{"line":18,"column":15}},"2":{"start":{"line":21,"column":21},"end":{"line":21,"column":43}},"3":{"start":{"line":22,"column":4},"end":{"line":22,"column":null}},"4":{"start":{"line":23,"column":4},"end":{"line":23,"column":null}},"5":{"start":{"line":26,"column":22},"end":{"line":26,"column":54}},"6":{"start":{"line":28,"column":4},"end":{"line":30,"column":null}},"7":{"start":{"line":29,"column":6},"end":{"line":29,"column":null}},"8":{"start":{"line":33,"column":20},"end":{"line":33,"column":44}},"9":{"start":{"line":36,"column":4},"end":{"line":50,"column":null}},"10":{"start":{"line":37,"column":24},"end":{"line":43,"column":7}},"11":{"start":{"line":40,"column":24},"end":{"line":40,"column":33}},"12":{"start":{"line":41,"column":10},"end":{"line":41,"column":null}},"13":{"start":{"line":45,"column":6},"end":{"line":49,"column":null}},"14":{"start":{"line":53,"column":4},"end":{"line":55,"column":null}},"15":{"start":{"line":54,"column":6},"end":{"line":54,"column":null}},"16":{"start":{"line":58,"column":4},"end":{"line":75,"column":null}},"17":{"start":{"line":59,"column":24},"end":{"line":59,"column":43}},"18":{"start":{"line":60,"column":6},"end":{"line":64,"column":null}},"19":{"start":{"line":65,"column":6},"end":{"line":69,"column":null}},"20":{"start":{"line":70,"column":6},"end":{"line":73,"column":null}},"21":{"start":{"line":74,"column":6},"end":{"line":74,"column":null}},"22":{"start":{"line":78,"column":4},"end":{"line":80,"column":null}},"23":{"start":{"line":79,"column":6},"end":{"line":79,"column":null}},"24":{"start":{"line":83,"column":4},"end":{"line":88,"column":null}},"25":{"start":{"line":84,"column":6},"end":{"line":87,"column":null}},"26":{"start":{"line":91,"column":4},"end":{"line":100,"column":null}},"27":{"start":{"line":92,"column":6},"end":{"line":99,"column":null}},"28":{"start":{"line":93,"column":8},"end":{"line":98,"column":null}},"29":{"start":{"line":103,"column":4},"end":{"line":103,"column":null}},"30":{"start":{"line":105,"column":4},"end":{"line":105,"column":null}},"31":{"start":{"line":106,"column":4},"end":{"line":106,"column":null}},"32":{"start":{"line":107,"column":4},"end":{"line":107,"column":null}},"33":{"start":{"line":108,"column":4},"end":{"line":108,"column":null}},"34":{"start":{"line":110,"column":4},"end":{"line":110,"column":null}},"35":{"start":{"line":111,"column":4},"end":{"line":111,"column":null}}},"fnMap":{"0":{"name":"convertJsonToXlsx","decl":{"start":{"line":10,"column":22},"end":{"line":10,"column":39}},"loc":{"start":{"line":10,"column":76},"end":{"line":113,"column":null}},"line":10},"1":{"name":"(anonymous_1)","decl":{"start":{"line":36,"column":36},"end":{"line":36,"column":37}},"loc":{"start":{"line":36,"column":45},"end":{"line":50,"column":5}},"line":36},"2":{"name":"(anonymous_2)","decl":{"start":{"line":39,"column":24},"end":{"line":39,"column":25}},"loc":{"start":{"line":39,"column":34},"end":{"line":42,"column":9}},"line":39},"3":{"name":"(anonymous_3)","decl":{"start":{"line":53,"column":21},"end":{"line":53,"column":22}},"loc":{"start":{"line":53,"column":31},"end":{"line":55,"column":5}},"line":53},"4":{"name":"(anonymous_4)","decl":{"start":{"line":91,"column":22},"end":{"line":91,"column":23}},"loc":{"start":{"line":91,"column":42},"end":{"line":100,"column":5}},"line":91},"5":{"name":"(anonymous_5)","decl":{"start":{"line":92,"column":19},"end":{"line":92,"column":20}},"loc":{"start":{"line":92,"column":29},"end":{"line":99,"column":7}},"line":92}},"branchMap":{"0":{"loc":{"start":{"line":10,"column":62},"end":{"line":10,"column":74}},"type":"default-arg","locations":[{"start":{"line":10,"column":72},"end":{"line":10,"column":74}}],"line":10},"1":{"loc":{"start":{"line":13,"column":6},"end":{"line":13,"column":26}},"type":"default-arg","locations":[{"start":{"line":13,"column":18},"end":{"line":13,"column":26}}],"line":13},"2":{"loc":{"start":{"line":14,"column":6},"end":{"line":14,"column":24}},"type":"default-arg","locations":[{"start":{"line":14,"column":20},"end":{"line":14,"column":24}}],"line":14},"3":{"loc":{"start":{"line":15,"column":6},"end":{"line":15,"column":22}},"type":"default-arg","locations":[{"start":{"line":15,"column":18},"end":{"line":15,"column":22}}],"line":15},"4":{"loc":{"start":{"line":16,"column":6},"end":{"line":16,"column":25}},"type":"default-arg","locations":[{"start":{"line":16,"column":21},"end":{"line":16,"column":25}}],"line":16},"5":{"loc":{"start":{"line":17,"column":6},"end":{"line":17,"column":25}},"type":"default-arg","locations":[{"start":{"line":17,"column":21},"end":{"line":17,"column":25}}],"line":17},"6":{"loc":{"start":{"line":28,"column":4},"end":{"line":30,"column":null}},"type":"if","locations":[{"start":{"line":28,"column":4},"end":{"line":30,"column":null}},{"start":{},"end":{}}],"line":28},"7":{"loc":{"start":{"line":41,"column":17},"end":{"line":41,"column":52}},"type":"cond-expr","locations":[{"start":{"line":41,"column":25},"end":{"line":41,"column":48}},{"start":{"line":41,"column":51},"end":{"line":41,"column":52}}],"line":41},"8":{"loc":{"start":{"line":48,"column":15},"end":{"line":48,"column":59}},"type":"cond-expr","locations":[{"start":{"line":48,"column":27},"end":{"line":48,"column":54}},{"start":{"line":48,"column":57},"end":{"line":48,"column":59}}],"line":48},"9":{"loc":{"start":{"line":58,"column":4},"end":{"line":75,"column":null}},"type":"if","locations":[{"start":{"line":58,"column":4},"end":{"line":75,"column":null}},{"start":{},"end":{}}],"line":58},"10":{"loc":{"start":{"line":78,"column":4},"end":{"line":80,"column":null}},"type":"if","locations":[{"start":{"line":78,"column":4},"end":{"line":80,"column":null}},{"start":{},"end":{}}],"line":78},"11":{"loc":{"start":{"line":83,"column":4},"end":{"line":88,"column":null}},"type":"if","locations":[{"start":{"line":83,"column":4},"end":{"line":88,"column":null}},{"start":{},"end":{}}],"line":83}},"s":{"0":10,"1":10,"2":10,"3":10,"4":10,"5":10,"6":10,"7":1,"8":9,"9":9,"10":45,"11":90,"12":90,"13":45,"14":9,"15":18,"16":9,"17":9,"18":9,"19":9,"20":9,"21":9,"22":9,"23":9,"24":9,"25":9,"26":9,"27":27,"28":135,"29":9,"30":8,"31":8,"32":8,"33":8,"34":2,"35":2},"f":{"0":10,"1":45,"2":90,"3":18,"4":27,"5":135},"b":{"0":[10],"1":[10],"2":[10],"3":[10],"4":[10],"5":[10],"6":[1,9],"7":[90,0],"8":[45,0],"9":[9,0],"10":[9,0],"11":[9,0]},"meta":{"lastBranch":12,"lastFunction":6,"lastStatement":36,"seen":{"f:10:22:10:39":0,"b:10:72:10:74":0,"s:11:2:112:Infinity":0,"s:18:8:18:15":1,"b:13:18:13:26":1,"b:14:20:14:24":2,"b:15:18:15:22":3,"b:16:21:16:25":4,"b:17:21:17:25":5,"s:21:21:21:43":2,"s:22:4:22:Infinity":3,"s:23:4:23:Infinity":4,"s:26:22:26:54":5,"b:28:4:30:Infinity:undefined:undefined:undefined:undefined":6,"s:28:4:30:Infinity":6,"s:29:6:29:Infinity":7,"s:33:20:33:44":8,"s:36:4:50:Infinity":9,"f:36:36:36:37":1,"s:37:24:43:7":10,"f:39:24:39:25":2,"s:40:24:40:33":11,"s:41:10:41:Infinity":12,"b:41:25:41:48:41:51:41:52":7,"s:45:6:49:Infinity":13,"b:48:27:48:54:48:57:48:59":8,"s:53:4:55:Infinity":14,"f:53:21:53:22":3,"s:54:6:54:Infinity":15,"b:58:4:75:Infinity:undefined:undefined:undefined:undefined":9,"s:58:4:75:Infinity":16,"s:59:24:59:43":17,"s:60:6:64:Infinity":18,"s:65:6:69:Infinity":19,"s:70:6:73:Infinity":20,"s:74:6:74:Infinity":21,"b:78:4:80:Infinity:undefined:undefined:undefined:undefined":10,"s:78:4:80:Infinity":22,"s:79:6:79:Infinity":23,"b:83:4:88:Infinity:undefined:undefined:undefined:undefined":11,"s:83:4:88:Infinity":24,"s:84:6:87:Infinity":25,"s:91:4:100:Infinity":26,"f:91:22:91:23":4,"s:92:6:99:Infinity":27,"f:92:19:92:20":5,"s:93:8:98:Infinity":28,"s:103:4:103:Infinity":29,"s:105:4:105:Infinity":30,"s:106:4:106:Infinity":31,"s:107:4:107:Infinity":32,"s:108:4:108:Infinity":33,"s:110:4:110:Infinity":34,"s:111:4:111:Infinity":35}}}
,"/Users/th3g3ntl3man/Desktop/Code/J3_Associates/google-maps-scraper-cli/src/scraper.js": {"path":"/Users/th3g3ntl3man/Desktop/Code/J3_Associates/google-maps-scraper-cli/src/scraper.js","statementMap":{"0":{"start":{"line":14,"column":6},"end":{"line":14,"column":13}},"1":{"start":{"line":18,"column":2},"end":{"line":132,"column":null}},"2":{"start":{"line":19,"column":4},"end":{"line":26,"column":null}},"3":{"start":{"line":28,"column":17},"end":{"line":28,"column":40}},"4":{"start":{"line":29,"column":4},"end":{"line":31,"column":null}},"5":{"start":{"line":32,"column":4},"end":{"line":32,"column":null}},"6":{"start":{"line":35,"column":4},"end":{"line":38,"column":null}},"7":{"start":{"line":40,"column":4},"end":{"line":40,"column":null}},"8":{"start":{"line":41,"column":4},"end":{"line":41,"column":null}},"9":{"start":{"line":42,"column":4},"end":{"line":42,"column":null}},"10":{"start":{"line":43,"column":4},"end":{"line":43,"column":null}},"11":{"start":{"line":44,"column":4},"end":{"line":44,"column":null}},"12":{"start":{"line":45,"column":4},"end":{"line":45,"column":null}},"13":{"start":{"line":46,"column":4},"end":{"line":46,"column":null}},"14":{"start":{"line":47,"column":4},"end":{"line":47,"column":null}},"15":{"start":{"line":50,"column":25},"end":{"line":50,"column":26}},"16":{"start":{"line":51,"column":25},"end":{"line":51,"column":26}},"17":{"start":{"line":52,"column":24},"end":{"line":52,"column":25}},"18":{"start":{"line":54,"column":4},"end":{"line":76,"column":null}},"19":{"start":{"line":55,"column":28},"end":{"line":58,"column":8}},"20":{"start":{"line":56,"column":21},"end":{"line":56,"column":63}},"21":{"start":{"line":57,"column":8},"end":{"line":57,"column":null}},"22":{"start":{"line":60,"column":6},"end":{"line":63,"column":null}},"23":{"start":{"line":61,"column":21},"end":{"line":61,"column":63}},"24":{"start":{"line":62,"column":8},"end":{"line":62,"column":null}},"25":{"start":{"line":62,"column":18},"end":{"line":62,"column":null}},"26":{"start":{"line":65,"column":6},"end":{"line":65,"column":null}},"27":{"start":{"line":67,"column":6},"end":{"line":72,"column":null}},"28":{"start":{"line":68,"column":8},"end":{"line":68,"column":null}},"29":{"start":{"line":69,"column":8},"end":{"line":69,"column":null}},"30":{"start":{"line":69,"column":32},"end":{"line":69,"column":null}},"31":{"start":{"line":71,"column":8},"end":{"line":71,"column":null}},"32":{"start":{"line":74,"column":6},"end":{"line":74,"column":null}},"33":{"start":{"line":75,"column":6},"end":{"line":75,"column":null}},"34":{"start":{"line":79,"column":23},"end":{"line":109,"column":6}},"35":{"start":{"line":80,"column":22},"end":{"line":80,"column":24}},"36":{"start":{"line":81,"column":28},"end":{"line":81,"column":66}},"37":{"start":{"line":83,"column":6},"end":{"line":106,"column":null}},"38":{"start":{"line":84,"column":8},"end":{"line":105,"column":null}},"39":{"start":{"line":85,"column":30},"end":{"line":85,"column":60}},"40":{"start":{"line":86,"column":30},"end":{"line":86,"column":62}},"41":{"start":{"line":87,"column":32},"end":{"line":87,"column":65}},"42":{"start":{"line":88,"column":32},"end":{"line":88,"column":64}},"43":{"start":{"line":89,"column":31},"end":{"line":89,"column":63}},"44":{"start":{"line":91,"column":23},"end":{"line":91,"column":54}},"45":{"start":{"line":92,"column":23},"end":{"line":92,"column":40}},"46":{"start":{"line":94,"column":10},"end":{"line":102,"column":null}},"47":{"start":{"line":95,"column":12},"end":{"line":101,"column":null}},"48":{"start":{"line":104,"column":10},"end":{"line":104,"column":null}},"49":{"start":{"line":108,"column":6},"end":{"line":108,"column":null}},"50":{"start":{"line":112,"column":25},"end":{"line":112,"column":53}},"51":{"start":{"line":113,"column":21},"end":{"line":113,"column":70}},"52":{"start":{"line":115,"column":4},"end":{"line":117,"column":null}},"53":{"start":{"line":116,"column":6},"end":{"line":116,"column":null}},"54":{"start":{"line":116,"column":44},"end":{"line":116,"column":51}},"55":{"start":{"line":119,"column":4},"end":{"line":119,"column":null}},"56":{"start":{"line":122,"column":21},"end":{"line":122,"column":57}},"57":{"start":{"line":123,"column":4},"end":{"line":127,"column":null}},"58":{"start":{"line":129,"column":4},"end":{"line":129,"column":null}},"59":{"start":{"line":131,"column":4},"end":{"line":131,"column":null}},"60":{"start":{"line":131,"column":17},"end":{"line":131,"column":null}},"61":{"start":{"line":137,"column":2},"end":{"line":143,"column":null}},"62":{"start":{"line":138,"column":4},"end":{"line":140,"column":null}},"63":{"start":{"line":139,"column":6},"end":{"line":139,"column":null}},"64":{"start":{"line":142,"column":4},"end":{"line":142,"column":null}},"65":{"start":{"line":144,"column":2},"end":{"line":144,"column":null}},"66":{"start":{"line":148,"column":20},"end":{"line":148,"column":29}},"67":{"start":{"line":151,"column":19},"end":{"line":151,"column":66}},"68":{"start":{"line":152,"column":19},"end":{"line":152,"column":56}},"69":{"start":{"line":154,"column":2},"end":{"line":158,"column":null}},"70":{"start":{"line":155,"column":4},"end":{"line":157,"column":null}},"71":{"start":{"line":156,"column":6},"end":{"line":156,"column":null}},"72":{"start":{"line":160,"column":2},"end":{"line":160,"column":null}}},"fnMap":{"0":{"name":"scrapeGoogleMaps","decl":{"start":{"line":7,"column":22},"end":{"line":7,"column":38}},"loc":{"start":{"line":7,"column":53},"end":{"line":133,"column":null}},"line":7},"1":{"name":"(anonymous_1)","decl":{"start":{"line":55,"column":48},"end":{"line":55,"column":49}},"loc":{"start":{"line":55,"column":54},"end":{"line":58,"column":7}},"line":55},"2":{"name":"(anonymous_2)","decl":{"start":{"line":60,"column":26},"end":{"line":60,"column":27}},"loc":{"start":{"line":60,"column":32},"end":{"line":63,"column":7}},"line":60},"3":{"name":"(anonymous_3)","decl":{"start":{"line":79,"column":43},"end":{"line":79,"column":44}},"loc":{"start":{"line":79,"column":49},"end":{"line":109,"column":5}},"line":79},"4":{"name":"(anonymous_4)","decl":{"start":{"line":83,"column":28},"end":{"line":83,"column":29}},"loc":{"start":{"line":83,"column":38},"end":{"line":106,"column":7}},"line":83},"5":{"name":"(anonymous_5)","decl":{"start":{"line":116,"column":37},"end":{"line":116,"column":38}},"loc":{"start":{"line":116,"column":44},"end":{"line":116,"column":51}},"line":116},"6":{"name":"readExistingData","decl":{"start":{"line":136,"column":9},"end":{"line":136,"column":25}},"loc":{"start":{"line":136,"column":36},"end":{"line":145,"column":null}},"line":136},"7":{"name":"mergeAndDeduplicateData","decl":{"start":{"line":147,"column":9},"end":{"line":147,"column":32}},"loc":{"start":{"line":147,"column":56},"end":{"line":161,"column":null}},"line":147},"8":{"name":"(anonymous_8)","decl":{"start":{"line":154,"column":37},"end":{"line":154,"column":38}},"loc":{"start":{"line":154,"column":51},"end":{"line":158,"column":3}},"line":154}},"branchMap":{"0":{"loc":{"start":{"line":7,"column":39},"end":{"line":7,"column":51}},"type":"default-arg","locations":[{"start":{"line":7,"column":49},"end":{"line":7,"column":51}}],"line":7},"1":{"loc":{"start":{"line":10,"column":4},"end":{"line":10,"column":31}},"type":"default-arg","locations":[{"start":{"line":10,"column":17},"end":{"line":10,"column":31}}],"line":10},"2":{"loc":{"start":{"line":11,"column":4},"end":{"line":11,"column":27}},"type":"default-arg","locations":[{"start":{"line":11,"column":24},"end":{"line":11,"column":27}}],"line":11},"3":{"loc":{"start":{"line":12,"column":4},"end":{"line":12,"column":19}},"type":"default-arg","locations":[{"start":{"line":12,"column":15},"end":{"line":12,"column":19}}],"line":12},"4":{"loc":{"start":{"line":13,"column":4},"end":{"line":13,"column":27}},"type":"default-arg","locations":[{"start":{"line":13,"column":23},"end":{"line":13,"column":27}}],"line":13},"5":{"loc":{"start":{"line":57,"column":15},"end":{"line":57,"column":43}},"type":"cond-expr","locations":[{"start":{"line":57,"column":22},"end":{"line":57,"column":39}},{"start":{"line":57,"column":42},"end":{"line":57,"column":43}}],"line":57},"6":{"loc":{"start":{"line":62,"column":8},"end":{"line":62,"column":null}},"type":"if","locations":[{"start":{"line":62,"column":8},"end":{"line":62,"column":null}},{"start":{},"end":{}}],"line":62},"7":{"loc":{"start":{"line":67,"column":6},"end":{"line":72,"column":null}},"type":"if","locations":[{"start":{"line":67,"column":6},"end":{"line":72,"column":null}},{"start":{"line":70,"column":13},"end":{"line":72,"column":null}}],"line":67},"8":{"loc":{"start":{"line":69,"column":8},"end":{"line":69,"column":null}},"type":"if","locations":[{"start":{"line":69,"column":8},"end":{"line":69,"column":null}},{"start":{},"end":{}}],"line":69},"9":{"loc":{"start":{"line":94,"column":10},"end":{"line":102,"column":null}},"type":"if","locations":[{"start":{"line":94,"column":10},"end":{"line":102,"column":null}},{"start":{},"end":{}}],"line":94},"10":{"loc":{"start":{"line":94,"column":14},"end":{"line":94,"column":26}},"type":"binary-expr","locations":[{"start":{"line":94,"column":14},"end":{"line":94,"column":18}},{"start":{"line":94,"column":22},"end":{"line":94,"column":26}}],"line":94},"11":{"loc":{"start":{"line":115,"column":4},"end":{"line":117,"column":null}},"type":"if","locations":[{"start":{"line":115,"column":4},"end":{"line":117,"column":null}},{"start":{},"end":{}}],"line":115},"12":{"loc":{"start":{"line":131,"column":4},"end":{"line":131,"column":null}},"type":"if","locations":[{"start":{"line":131,"column":4},"end":{"line":131,"column":null}},{"start":{},"end":{}}],"line":131},"13":{"loc":{"start":{"line":138,"column":4},"end":{"line":140,"column":null}},"type":"if","locations":[{"start":{"line":138,"column":4},"end":{"line":140,"column":null}},{"start":{},"end":{}}],"line":138},"14":{"loc":{"start":{"line":151,"column":19},"end":{"line":151,"column":66}},"type":"cond-expr","locations":[{"start":{"line":151,"column":49},"end":{"line":151,"column":61}},{"start":{"line":151,"column":64},"end":{"line":151,"column":66}}],"line":151},"15":{"loc":{"start":{"line":152,"column":19},"end":{"line":152,"column":56}},"type":"cond-expr","locations":[{"start":{"line":152,"column":44},"end":{"line":152,"column":51}},{"start":{"line":152,"column":54},"end":{"line":152,"column":56}}],"line":152},"16":{"loc":{"start":{"line":155,"column":4},"end":{"line":157,"column":null}},"type":"if","locations":[{"start":{"line":155,"column":4},"end":{"line":157,"column":null}},{"start":{},"end":{}}],"line":155},"17":{"loc":{"start":{"line":155,"column":8},"end":{"line":155,"column":64}},"type":"binary-expr","locations":[{"start":{"line":155,"column":8},"end":{"line":155,"column":26}},{"start":{"line":155,"column":30},"end":{"line":155,"column":64}}],"line":155}},"s":{"0":9,"1":9,"2":9,"3":9,"4":9,"5":9,"6":9,"7":8,"8":8,"9":8,"10":8,"11":8,"12":8,"13":8,"14":8,"15":8,"16":8,"17":8,"18":8,"19":73,"20":0,"21":0,"22":73,"23":0,"24":0,"25":0,"26":73,"27":73,"28":53,"29":53,"30":5,"31":20,"32":68,"33":68,"34":8,"35":0,"36":0,"37":0,"38":0,"39":0,"40":0,"41":0,"42":0,"43":0,"44":0,"45":0,"46":0,"47":0,"48":0,"49":0,"50":8,"51":8,"52":8,"53":6,"54":4,"55":8,"56":8,"57":8,"58":8,"59":9,"60":9,"61":8,"62":8,"63":1,"64":0,"65":7,"66":8,"67":8,"68":8,"69":8,"70":7,"71":6,"72":8},"f":{"0":9,"1":0,"2":0,"3":0,"4":0,"5":4,"6":8,"7":8,"8":7},"b":{"0":[9],"1":[9],"2":[9],"3":[9],"4":[9],"5":[0,0],"6":[0,0],"7":[53,20],"8":[5,48],"9":[0,0],"10":[0,0],"11":[6,2],"12":[9,0],"13":[1,7],"14":[8,0],"15":[7,1],"16":[6,1],"17":[7,7]},"meta":{"lastBranch":18,"lastFunction":9,"lastStatement":73,"seen":{"f:7:22:7:38":0,"b:7:49:7:51":0,"s:14:6:14:13":0,"b:10:17:10:31":1,"b:11:24:11:27":2,"b:12:15:12:19":3,"b:13:23:13:27":4,"s:18:2:132:Infinity":1,"s:19:4:26:Infinity":2,"s:28:17:28:40":3,"s:29:4:31:Infinity":4,"s:32:4:32:Infinity":5,"s:35:4:38:Infinity":6,"s:40:4:40:Infinity":7,"s:41:4:41:Infinity":8,"s:42:4:42:Infinity":9,"s:43:4:43:Infinity":10,"s:44:4:44:Infinity":11,"s:45:4:45:Infinity":12,"s:46:4:46:Infinity":13,"s:47:4:47:Infinity":14,"s:50:25:50:26":15,"s:51:25:51:26":16,"s:52:24:52:25":17,"s:54:4:76:Infinity":18,"s:55:28:58:8":19,"f:55:48:55:49":1,"s:56:21:56:63":20,"s:57:8:57:Infinity":21,"b:57:22:57:39:57:42:57:43":5,"s:60:6:63:Infinity":22,"f:60:26:60:27":2,"s:61:21:61:63":23,"b:62:8:62:Infinity:undefined:undefined:undefined:undefined":6,"s:62:8:62:Infinity":24,"s:62:18:62:Infinity":25,"s:65:6:65:Infinity":26,"b:67:6:72:Infinity:70:13:72:Infinity":7,"s:67:6:72:Infinity":27,"s:68:8:68:Infinity":28,"b:69:8:69:Infinity:undefined:undefined:undefined:undefined":8,"s:69:8:69:Infinity":29,"s:69:32:69:Infinity":30,"s:71:8:71:Infinity":31,"s:74:6:74:Infinity":32,"s:75:6:75:Infinity":33,"s:79:23:109:6":34,"f:79:43:79:44":3,"s:80:22:80:24":35,"s:81:28:81:66":36,"s:83:6:106:Infinity":37,"f:83:28:83:29":4,"s:84:8:105:Infinity":38,"s:85:30:85:60":39,"s:86:30:86:62":40,"s:87:32:87:65":41,"s:88:32:88:64":42,"s:89:31:89:63":43,"s:91:23:91:54":44,"s:92:23:92:40":45,"b:94:10:102:Infinity:undefined:undefined:undefined:undefined":9,"s:94:10:102:Infinity":46,"b:94:14:94:18:94:22:94:26":10,"s:95:12:101:Infinity":47,"s:104:10:104:Infinity":48,"s:108:6:108:Infinity":49,"s:112:25:112:53":50,"s:113:21:113:70":51,"b:115:4:117:Infinity:undefined:undefined:undefined:undefined":11,"s:115:4:117:Infinity":52,"s:116:6:116:Infinity":53,"f:116:37:116:38":5,"s:116:44:116:51":54,"s:119:4:119:Infinity":55,"s:122:21:122:57":56,"s:123:4:127:Infinity":57,"s:129:4:129:Infinity":58,"b:131:4:131:Infinity:undefined:undefined:undefined:undefined":12,"s:131:4:131:Infinity":59,"s:131:17:131:Infinity":60,"f:136:9:136:25":6,"s:137:2:143:Infinity":61,"b:138:4:140:Infinity:undefined:undefined:undefined:undefined":13,"s:138:4:140:Infinity":62,"s:139:6:139:Infinity":63,"s:142:4:142:Infinity":64,"s:144:2:144:Infinity":65,"f:147:9:147:32":7,"s:148:20:148:29":66,"s:151:19:151:66":67,"b:151:49:151:61:151:64:151:66":14,"s:152:19:152:56":68,"b:152:44:152:51:152:54:152:56":15,"s:154:2:158:Infinity":69,"f:154:37:154:38":8,"b:155:4:157:Infinity:undefined:undefined:undefined:undefined":16,"s:155:4:157:Infinity":70,"b:155:8:155:26:155:30:155:64":17,"s:156:6:156:Infinity":71,"s:160:2:160:Infinity":72}}}
}
